<?xml version="1.0" encoding="UTF-8"?>
<!-- Generated by org.testng.reporters.JUnitReportReporter -->
<testsuite hostname="LAPTOP-TGQQB38T" failures="0" tests="2" name="topics.TestNG_Keyword_Description_Test_Cases_45" time="2.388" errors="0" timestamp="09 Apr 2024 06:53:58 GMT" skipped="0">
  <testcase classname="topics.TestNG_Keyword_Description_Test_Cases_45" name="getTitle" time="0.012"/>
  <testcase classname="topics.TestNG_Keyword_Description_Test_Cases_45" name="browserDriver" time="2.376"/>
</testsuite> <!-- topics.TestNG_Keyword_Description_Test_Cases_45 -->
