<?xml version="1.0" encoding="UTF-8"?>
<!-- Generated by org.testng.reporters.JUnitReportReporter -->
<testsuite hostname="LAPTOP-TGQQB38T" failures="0" tests="4" name="topics.TestNG_Keyword_Enable_Disable_Test_Cases_46" time="2.404" errors="0" timestamp="09 Apr 2024 06:59:15 GMT" skipped="2">
  <testcase classname="topics.TestNG_Keyword_Enable_Disable_Test_Cases_46" name="getCurrentURL" time="0.012"/>
  <testcase classname="topics.TestNG_Keyword_Enable_Disable_Test_Cases_46" name="browserDriver" time="2.392"/>
  <testcase classname="topics.TestNG_Keyword_Enable_Disable_Test_Cases_46" name="getTitle">
    <skipped/>
  </testcase> <!-- getTitle -->
  <testcase classname="topics.TestNG_Keyword_Enable_Disable_Test_Cases_46" name="getPageSource">
    <skipped/>
  </testcase> <!-- getPageSource -->
</testsuite> <!-- topics.TestNG_Keyword_Enable_Disable_Test_Cases_46 -->
