<?xml version="1.0" encoding="UTF-8"?>
<!-- Generated by org.testng.reporters.JUnitReportReporter -->
<testsuite hostname="LAPTOP-TGQQB38T" failures="0" tests="3" name="topics.Testng_CrossBrowserTesting_Test_Cases_55" time="14.850" errors="0" timestamp="09 Apr 2024 11:23:32 GMT" skipped="0">
  <testcase classname="topics.Testng_CrossBrowserTesting_Test_Cases_55" name="launchBrowser" time="5.525"/>
  <testcase classname="topics.Testng_CrossBrowserTesting_Test_Cases_55" name="launchBrowser" time="4.373"/>
  <testcase classname="topics.Testng_CrossBrowserTesting_Test_Cases_55" name="launchBrowser" time="4.952"/>
</testsuite> <!-- topics.Testng_CrossBrowserTesting_Test_Cases_55 -->
