<?xml version="1.0" encoding="UTF-8"?>
<!-- Generated by org.testng.reporters.JUnitReportReporter -->
<testsuite hostname="LAPTOP-TGQQB38T" failures="0" tests="2" name="topics.TestNG_XML_ParallelTesting_Test_Cases_52" time="17.618" errors="0" timestamp="24 Apr 2024 22:36:50 GMT" skipped="0">
  <testcase classname="topics.TestNG_XML_ParallelTesting_Test_Cases_52" name="getTitle" time="6.253"/>
  <testcase classname="topics.TestNG_XML_ParallelTesting_Test_Cases_52" name="getCurrentURL" time="11.365"/>
</testsuite> <!-- topics.TestNG_XML_ParallelTesting_Test_Cases_52 -->
