<?xml version="1.0" encoding="UTF-8"?>
<!-- Generated by org.testng.reporters.JUnitReportReporter -->
<testsuite hostname="LAPTOP-TGQQB38T" failures="0" tests="4" name="topics.Testng_Keyword_Priority_Test_Cases_43" time="3.568" errors="0" timestamp="09 Apr 2024 06:31:07 GMT" skipped="0">
  <testcase classname="topics.Testng_Keyword_Priority_Test_Cases_43" name="browserDriver" time="0.012"/>
  <testcase classname="topics.Testng_Keyword_Priority_Test_Cases_43" name="maximizeBrowser" time="2.449"/>
  <testcase classname="topics.Testng_Keyword_Priority_Test_Cases_43" name="launchBrowser" time="1.098"/>
  <testcase classname="topics.Testng_Keyword_Priority_Test_Cases_43" name="getTitle" time="0.009"/>
</testsuite> <!-- topics.Testng_Keyword_Priority_Test_Cases_43 -->
