<?xml version="1.0" encoding="UTF-8"?>
<!-- Generated by org.testng.reporters.JUnitReportReporter -->
<testsuite hostname="LAPTOP-TGQQB38T" failures="0" tests="4" name="topics.TestNG_Keyword_InnvocationCount_Test_Cases_47" time="2.453" errors="0" timestamp="09 Apr 2024 07:01:41 GMT" skipped="0">
  <testcase classname="topics.TestNG_Keyword_InnvocationCount_Test_Cases_47" name="getTitle" time="0.006"/>
  <testcase classname="topics.TestNG_Keyword_InnvocationCount_Test_Cases_47" name="getCurrentURL" time="0.008"/>
  <testcase classname="topics.TestNG_Keyword_InnvocationCount_Test_Cases_47" name="browserDriver" time="2.432"/>
  <testcase classname="topics.TestNG_Keyword_InnvocationCount_Test_Cases_47" name="getTitle" time="0.007"/>
</testsuite> <!-- topics.TestNG_Keyword_InnvocationCount_Test_Cases_47 -->
