<?xml version="1.0" encoding="UTF-8"?>
<!-- Generated by org.testng.reporters.JUnitReportReporter -->
<testsuite hostname="LAPTOP-TGQQB38T" failures="0" tests="4" name="topics.TestNG_Keyword_DependOnMethods_Test_Cases_44" time="10.083" errors="0" timestamp="09 Apr 2024 06:49:50 GMT" skipped="0">
  <testcase classname="topics.TestNG_Keyword_DependOnMethods_Test_Cases_44" name="getTitle" time="0.006"/>
  <testcase classname="topics.TestNG_Keyword_DependOnMethods_Test_Cases_44" name="launchBrowser" time="1.094"/>
  <testcase classname="topics.TestNG_Keyword_DependOnMethods_Test_Cases_44" name="browserDriver" time="0.011"/>
  <testcase classname="topics.TestNG_Keyword_DependOnMethods_Test_Cases_44" name="maximizeBrowser" time="8.972"/>
</testsuite> <!-- topics.TestNG_Keyword_DependOnMethods_Test_Cases_44 -->
