<?xml version="1.0" encoding="UTF-8"?>
<!-- Generated by org.testng.reporters.JUnitReportReporter -->
<testsuite hostname="LAPTOP-TGQQB38T" failures="0" tests="3" name="topics.ReadExcel_For_DataDrivenTesting" time="24.832" errors="0" timestamp="13 Apr 2024 07:03:12 GMT" skipped="0">
  <testcase classname="topics.ReadExcel_For_DataDrivenTesting" name="AbotTitleInvalid" time="7.866"/>
  <testcase classname="topics.ReadExcel_For_DataDrivenTesting" name="AbotTitleInvalid" time="7.652"/>
  <testcase classname="topics.ReadExcel_For_DataDrivenTesting" name="AbotTitleInvalid" time="9.314"/>
</testsuite> <!-- topics.ReadExcel_For_DataDrivenTesting -->
