<?xml version="1.0" encoding="UTF-8"?>
<!-- Generated by org.testng.reporters.JUnitReportReporter -->
<testsuite hostname="LAPTOP-TGQQB38T" failures="0" tests="2" name="topics.TestNG_XML_ParallelTesting_Test_Cases_53" time="13.613" errors="0" timestamp="11 Apr 2024 10:08:52 GMT" skipped="0">
  <testcase classname="topics.TestNG_XML_ParallelTesting_Test_Cases_53" name="edgeBrowser" time="7.674"/>
  <testcase classname="topics.TestNG_XML_ParallelTesting_Test_Cases_53" name="edge" time="5.939"/>
</testsuite> <!-- topics.TestNG_XML_ParallelTesting_Test_Cases_53 -->
