<?xml version="1.0" encoding="UTF-8"?>
<!-- Generated by org.testng.reporters.JUnitReportReporter -->
<testsuite hostname="LAPTOP-TGQQB38T" failures="0" tests="2" name="topics.TestNG_Annaotation_Execution_42" time="0.013" errors="0" timestamp="09 Apr 2024 06:14:27 GMT" skipped="0">
  <testcase classname="topics.TestNG_Annaotation_Execution_42" name="test2" time="0.002"/>
  <testcase classname="topics.TestNG_Annaotation_Execution_42" name="test1" time="0.011"/>
</testsuite> <!-- topics.TestNG_Annaotation_Execution_42 -->
