<?xml version="1.0" encoding="UTF-8"?>
<!-- Generated by org.testng.reporters.JUnitReportReporter -->
<testsuite hostname="LAPTOP-TGQQB38T" failures="0" tests="2" name="topics.TestNG_Annotation_Parameters_Test_Cases_54" time="15.063" errors="0" timestamp="27 Apr 2024 09:04:54 GMT" skipped="0">
  <testcase classname="topics.TestNG_Annotation_Parameters_Test_Cases_54" name="getCurrentURL" time="8.424"/>
  <testcase classname="topics.TestNG_Annotation_Parameters_Test_Cases_54" name="getTitle" time="6.639"/>
</testsuite> <!-- topics.TestNG_Annotation_Parameters_Test_Cases_54 -->
