<?xml version="1.0" encoding="UTF-8"?>
<!-- Generated by org.testng.reporters.JUnitReportReporter -->
<testsuite hostname="LAPTOP-TGQQB38T" failures="0" tests="2" name="topics.TestNG_Annotation_Parameters_Test_Cases_54" time="10.876" errors="0" timestamp="26 Apr 2024 11:20:21 GMT" skipped="0">
  <testcase classname="topics.TestNG_Annotation_Parameters_Test_Cases_54" name="getCurrentURL" time="4.842"/>
  <testcase classname="topics.TestNG_Annotation_Parameters_Test_Cases_54" name="getTitle" time="6.034"/>
</testsuite> <!-- topics.TestNG_Annotation_Parameters_Test_Cases_54 -->
