<?xml version="1.0" encoding="UTF-8"?>
<!-- Generated by org.testng.reporters.JUnitReportReporter -->
<testsuite hostname="LAPTOP-TGQQB38T" failures="0" tests="2" name="topics.TestNG_XML_ParallelTesting_Test_Cases_52" time="17.496" errors="0" timestamp="13 Apr 2024 07:19:15 GMT" skipped="0">
  <testcase classname="topics.TestNG_XML_ParallelTesting_Test_Cases_52" name="getTitle" time="5.443"/>
  <testcase classname="topics.TestNG_XML_ParallelTesting_Test_Cases_52" name="getCurrentURL" time="12.053"/>
</testsuite> <!-- topics.TestNG_XML_ParallelTesting_Test_Cases_52 -->
