<?xml version="1.0" encoding="UTF-8"?>
<!-- Generated by org.testng.reporters.JUnitReportReporter -->
<testsuite hostname="LAPTOP-TGQQB38T" failures="0" tests="2" name="topics.TestNG_Annotation_Parameters_Test_Cases_54" time="9.838" errors="0" timestamp="24 Apr 2024 23:15:46 GMT" skipped="0">
  <testcase classname="topics.TestNG_Annotation_Parameters_Test_Cases_54" name="getCurrentURL" time="5.717"/>
  <testcase classname="topics.TestNG_Annotation_Parameters_Test_Cases_54" name="getTitle" time="4.121"/>
</testsuite> <!-- topics.TestNG_Annotation_Parameters_Test_Cases_54 -->
