<?xml version="1.0" encoding="UTF-8"?>
<!-- Generated by org.testng.reporters.JUnitReportReporter -->
<testsuite hostname="LAPTOP-TGQQB38T" failures="0" tests="2" name="topics.TestNG_XML_ParallelTesting_Test_Cases_53" time="16.013" errors="0" timestamp="13 Apr 2024 07:19:15 GMT" skipped="0">
  <testcase classname="topics.TestNG_XML_ParallelTesting_Test_Cases_53" name="edge" time="9.676"/>
  <testcase classname="topics.TestNG_XML_ParallelTesting_Test_Cases_53" name="edgeBrowser" time="6.337"/>
</testsuite> <!-- topics.TestNG_XML_ParallelTesting_Test_Cases_53 -->
